<?xml version="1.0" encoding="UTF-8"?>
<!-- Generated by org.testng.reporters.JUnitReportReporter -->
<testsuite hostname="LAPTOP-AEEAHF4V" failures="0" tests="1" name="com.qa.Test_Scripts.Flipkart_pages" time="6.614" errors="0" timestamp="2022-11-25T18:21:04 IST" skipped="0">
  <testcase classname="com.qa.Test_Scripts.Flipkart_pages" name="searchby" time="6.614"/>
  <system-out/>
</testsuite> <!-- com.qa.Test_Scripts.Flipkart_pages -->
