<?xml version="1.0" encoding="UTF-8"?>
<!-- Generated by org.testng.reporters.JUnitReportReporter -->
<testsuite hostname="LAPTOP-AEEAHF4V" failures="0" tests="1" name="com.qa.Test_Scripts.Brand_click" time="10.303" errors="0" timestamp="2022-11-25T18:21:04 IST" skipped="0">
  <testcase classname="com.qa.Test_Scripts.Brand_click" name="searchby" time="10.303"/>
  <system-out/>
</testsuite> <!-- com.qa.Test_Scripts.Brand_click -->
